sophie@T-BSMDFZ3:~/shadow-size/HLZ23$ ./figure5.py 
Set parameter Username
Academic license - for non-commercial use only - expires 2024-10-05
krange [10, 15, 20]
stepcount 20
k = 10
step 0
100%|██████████████████████████████████| 32768/32768 [00:01<00:00, 17743.29it/s]
new vertex ratio 0.113677978515625
step 1
100%|██████████████████████████████████| 32768/32768 [00:01<00:00, 17861.72it/s]
new vertex ratio 0.1104736328125
step 2
100%|██████████████████████████████████| 32768/32768 [00:01<00:00, 18999.95it/s]
new vertex ratio 0.069732666015625
step 3
100%|██████████████████████████████████| 32768/32768 [00:01<00:00, 18769.21it/s]
new vertex ratio 0.072723388671875
step 4
100%|██████████████████████████████████| 32768/32768 [00:01<00:00, 17941.63it/s]
new vertex ratio 0.13067626953125
step 5
100%|██████████████████████████████████| 32768/32768 [00:01<00:00, 17937.88it/s]
new vertex ratio 0.121307373046875
step 6
100%|██████████████████████████████████| 32768/32768 [00:01<00:00, 17758.29it/s]
new vertex ratio 0.145721435546875
step 7
100%|██████████████████████████████████| 32768/32768 [00:01<00:00, 18783.26it/s]
new vertex ratio 0.094146728515625
step 8
100%|██████████████████████████████████| 32768/32768 [00:01<00:00, 19154.42it/s]
new vertex ratio 0.086822509765625
step 9
100%|██████████████████████████████████| 32768/32768 [00:01<00:00, 19404.78it/s]
new vertex ratio 0.070892333984375
step 10
100%|██████████████████████████████████| 32768/32768 [00:01<00:00, 20239.93it/s]
new vertex ratio 0.04644775390625
step 11
100%|██████████████████████████████████| 32768/32768 [00:01<00:00, 20655.46it/s]
new vertex ratio 0.0279541015625
step 12
100%|██████████████████████████████████| 32768/32768 [00:01<00:00, 21253.82it/s]
new vertex ratio 0.0189208984375
step 13
100%|██████████████████████████████████| 32768/32768 [00:01<00:00, 21698.71it/s]
new vertex ratio 0.015228271484375
step 14
100%|██████████████████████████████████| 32768/32768 [00:01<00:00, 22566.62it/s]
new vertex ratio 0.00933837890625
step 15
100%|██████████████████████████████████| 32768/32768 [00:01<00:00, 23427.26it/s]
new vertex ratio 0.005584716796875
step 16
100%|██████████████████████████████████| 32768/32768 [00:01<00:00, 24235.64it/s]
new vertex ratio 0.003692626953125
step 17
100%|██████████████████████████████████| 32768/32768 [00:01<00:00, 25114.12it/s]
new vertex ratio 0.00457763671875
step 18
100%|██████████████████████████████████| 32768/32768 [00:01<00:00, 25354.25it/s]
new vertex ratio 0.002105712890625
step 19
100%|██████████████████████████████████| 32768/32768 [00:01<00:00, 25499.34it/s]
new vertex ratio 0.002410888671875
k = 15
step 0
100%|██████████████████████████████| 1048576/1048576 [01:23<00:00, 12582.00it/s]
new vertex ratio 0.08028030395507812
step 1
100%|██████████████████████████████| 1048576/1048576 [01:21<00:00, 12889.22it/s]
new vertex ratio 0.08004951477050781
step 2
100%|██████████████████████████████| 1048576/1048576 [01:26<00:00, 12160.06it/s]
new vertex ratio 0.11963844299316406
step 3
100%|██████████████████████████████| 1048576/1048576 [01:26<00:00, 12177.34it/s]
new vertex ratio 0.11919689178466797
step 4
100%|██████████████████████████████| 1048576/1048576 [01:24<00:00, 12437.29it/s]
new vertex ratio 0.0999603271484375
step 5
100%|██████████████████████████████| 1048576/1048576 [01:23<00:00, 12543.70it/s]
new vertex ratio 0.1107168197631836
step 6
100%|██████████████████████████████| 1048576/1048576 [01:15<00:00, 13884.73it/s]
new vertex ratio 0.06201457977294922
step 7
100%|██████████████████████████████| 1048576/1048576 [01:12<00:00, 14489.39it/s]
new vertex ratio 0.03809833526611328
step 8
100%|██████████████████████████████| 1048576/1048576 [01:12<00:00, 14531.97it/s]
new vertex ratio 0.03697776794433594
step 9
100%|██████████████████████████████| 1048576/1048576 [01:09<00:00, 15073.11it/s]
new vertex ratio 0.014838218688964844
step 10
100%|██████████████████████████████| 1048576/1048576 [01:08<00:00, 15352.43it/s]
new vertex ratio 0.004767417907714844
step 11
100%|██████████████████████████████| 1048576/1048576 [01:08<00:00, 15310.57it/s]
new vertex ratio 0.0025300979614257812
step 12
100%|██████████████████████████████| 1048576/1048576 [01:08<00:00, 15404.41it/s]
new vertex ratio 0.001865386962890625
step 13
100%|██████████████████████████████| 1048576/1048576 [01:05<00:00, 16002.63it/s]
new vertex ratio 0.0017604827880859375
step 14
100%|██████████████████████████████| 1048576/1048576 [01:07<00:00, 15457.60it/s]
new vertex ratio 0.00066375732421875
step 15
100%|██████████████████████████████| 1048576/1048576 [01:00<00:00, 17278.46it/s]
new vertex ratio 0.0005960464477539062
step 16
100%|██████████████████████████████| 1048576/1048576 [00:58<00:00, 17829.17it/s]
new vertex ratio 0.00025463104248046875
step 17
100%|██████████████████████████████| 1048576/1048576 [00:56<00:00, 18585.64it/s]
new vertex ratio 0.0002002716064453125
step 18
100%|██████████████████████████████| 1048576/1048576 [00:54<00:00, 19344.39it/s]
new vertex ratio 0.000110626220703125
step 19
100%|██████████████████████████████| 1048576/1048576 [00:54<00:00, 19167.07it/s]
new vertex ratio 9.822845458984375e-05
k = 20
step 0
100%|███████████████████████████| 33554432/33554432 [1:07:15<00:00, 8314.19it/s]
new vertex ratio 0.08639723062515259
step 1
100%|███████████████████████████| 33554432/33554432 [1:06:57<00:00, 8351.36it/s]
new vertex ratio 0.08534321188926697
step 2
100%|███████████████████████████| 33554432/33554432 [1:06:51<00:00, 8364.63it/s]
new vertex ratio 0.0727667510509491
step 3
100%|███████████████████████████| 33554432/33554432 [1:13:12<00:00, 7638.28it/s]
new vertex ratio 0.11450198292732239
step 4
100%|███████████████████████████| 33554432/33554432 [1:01:09<00:00, 9145.23it/s]
new vertex ratio 0.05264449119567871
step 5
100%|█████████████████████████████| 33554432/33554432 [59:12<00:00, 9446.17it/s]
new vertex ratio 0.0430375337600708
step 6
100%|█████████████████████████████| 33554432/33554432 [59:02<00:00, 9470.66it/s]
new vertex ratio 0.041728198528289795
step 7
100%|████████████████████████████| 33554432/33554432 [53:38<00:00, 10425.90it/s]
new vertex ratio 0.01292768120765686
step 8
100%|████████████████████████████| 33554432/33554432 [51:33<00:00, 10847.34it/s]
new vertex ratio 0.0028257369995117188
step 9
100%|████████████████████████████| 33554432/33554432 [51:58<00:00, 10758.52it/s]
new vertex ratio 0.0031551122665405273
step 10
100%|████████████████████████████| 33554432/33554432 [51:04<00:00, 10949.66it/s]
new vertex ratio 0.0005119740962982178
step 11
100%|████████████████████████████| 33554432/33554432 [50:36<00:00, 11051.68it/s]
new vertex ratio 0.0003482997417449951
step 12
100%|████████████████████████████| 33554432/33554432 [50:58<00:00, 10971.33it/s]
new vertex ratio 0.00020247697830200195
step 13
100%|████████████████████████████| 33554432/33554432 [50:46<00:00, 11014.00it/s]
new vertex ratio 4.741549491882324e-05
step 14
100%|████████████████████████████| 33554432/33554432 [50:16<00:00, 11122.32it/s]
new vertex ratio 5.030632019042969e-05
step 15
100%|████████████████████████████| 33554432/33554432 [49:15<00:00, 11352.33it/s]
new vertex ratio 1.6421079635620117e-05
step 16
100%|████████████████████████████| 33554432/33554432 [45:01<00:00, 12418.41it/s]
new vertex ratio 1.1652708053588867e-05
step 17
100%|████████████████████████████| 33554432/33554432 [43:24<00:00, 12883.59it/s]
new vertex ratio 5.9604644775390625e-06
step 18
100%|████████████████████████████| 33554432/33554432 [39:10<00:00, 14273.77it/s]
new vertex ratio 5.304813385009766e-06
step 19
100%|████████████████████████████| 33554432/33554432 [39:32<00:00, 14140.30it/s]
new vertex ratio 5.364418029785156e-06
sophie@T-BSMDFZ3:~/shadow-size/HLZ23$ 
